<?xml version="1.0" encoding="UTF-8"?>
<!-- Generated by org.testng.reporters.JUnitReportReporter -->
<testsuite skipped="0" hostname="DESKTOP-H8RTC1S" name="fb" tests="1" failures="0" timestamp="2019-08-29T02:15:15 PDT" time="4.554" errors="0">
  <testcase name="testcases" time="4.554" classname="fb"/>
</testsuite> <!-- fb -->
